<?xml version="1.0" encoding="UTF-8"?>
<!-- Generated by org.testng.reporters.JUnitReportReporter -->
<testsuite skipped="0" hostname="Home" name="com.qa.crmpro.testcases.LoginPageTest" tests="1" failures="0" timestamp="29 Jun 2019 13:55:25 GMT" time="25.510" errors="0">
  <testcase name="verifyloginpagetest" time="25.510" classname="com.qa.crmpro.testcases.LoginPageTest"/>
</testsuite> <!-- com.qa.crmpro.testcases.LoginPageTest -->
